12:01:05.356 [ApplicationImpl pooled thread 28] INFO  c.b.s.l.BrowserStackRunExtension - maven
12:01:05.356 [ApplicationImpl pooled thread 28] INFO  com.browserstack.sdk.utils.Helpers - null
12:03:26.514 [AWT-EventQueue-0] INFO  c.b.sdk.actions.DisableBrowserStack - Setting disable browserstack run update
12:03:26.520 [AWT-EventQueue-0] INFO  c.b.sdk.actions.EnableBrowserStack - Setting enable browserstack run update
12:20:27.718 [ApplicationImpl pooled thread 42] INFO  c.b.s.l.BrowserStackRunExtension - testng
12:20:27.718 [ApplicationImpl pooled thread 42] INFO  com.browserstack.sdk.utils.Helpers - null
12:20:27.718 [ApplicationImpl pooled thread 42] INFO  c.b.s.l.BrowserStackRunExtension - Agent path: null
13:07:50.130 [ApplicationImpl pooled thread 50] INFO  c.b.s.l.BrowserStackRunExtension - testng
13:07:50.131 [ApplicationImpl pooled thread 50] INFO  com.browserstack.sdk.utils.Helpers - null
13:07:50.132 [ApplicationImpl pooled thread 50] INFO  c.b.s.l.BrowserStackRunExtension - Agent path: null
23:26:08.625 [AWT-EventQueue-0] INFO  c.b.sdk.actions.EnableBrowserStack - Setting enable browserstack run update
23:26:08.635 [AWT-EventQueue-0] INFO  c.b.sdk.actions.DisableBrowserStack - Setting disable browserstack run update
23:26:16.475 [AWT-EventQueue-0] INFO  c.b.sdk.launchers.LaunchMavenCommand - Integrate source: java:intellij:2.0.0-IC
23:26:16.475 [AWT-EventQueue-0] INFO  c.b.sdk.launchers.LaunchMavenCommand - Executing maven archetype command - browserstack-sdk-archetype-integrate
23:26:16.569 [ApplicationImpl pooled thread 85] INFO  c.b.s.l.BrowserStackRunExtension - maven
23:26:16.570 [ApplicationImpl pooled thread 85] INFO  com.browserstack.sdk.utils.Helpers - null
23:26:20.057 [java] INFO  c.b.sdk.launchers.LaunchMavenCommand - Completed maven archetype command
23:27:34.086 [ApplicationImpl pooled thread 85] INFO  c.b.s.l.BrowserStackRunExtension - testng
23:27:34.087 [ApplicationImpl pooled thread 85] INFO  com.browserstack.sdk.utils.Helpers - true
23:27:34.088 [ApplicationImpl pooled thread 85] INFO  com.browserstack.sdk.utils.Helpers - /Users/sarthaksharma/.m2/repository/com/browserstack/browserstack-java-sdk/1.40.7/browserstack-java-sdk-1.40.7.jar
23:27:34.088 [ApplicationImpl pooled thread 85] INFO  c.b.s.l.BrowserStackRunExtension - Agent path: /Users/sarthaksharma/.m2/repository/com/browserstack/browserstack-java-sdk/1.40.7/browserstack-java-sdk-1.40.7.jar
23:27:34.088 [ApplicationImpl pooled thread 85] INFO  c.b.s.l.BrowserStackRunExtension - Adding Browserstack SDK javaagent argline
23:27:34.089 [ApplicationImpl pooled thread 85] INFO  c.b.s.l.BrowserStackRunExtension - Plugin version: 2.0.0-IC
23:44:07.696 [ApplicationImpl pooled thread 100] INFO  c.b.s.l.BrowserStackRunExtension - testng
23:44:07.697 [ApplicationImpl pooled thread 100] INFO  com.browserstack.sdk.utils.Helpers - true
23:44:07.699 [ApplicationImpl pooled thread 100] INFO  com.browserstack.sdk.utils.Helpers - /Users/sarthaksharma/.m2/repository/com/browserstack/browserstack-java-sdk/1.40.7/browserstack-java-sdk-1.40.7.jar
23:44:07.699 [ApplicationImpl pooled thread 100] INFO  c.b.s.l.BrowserStackRunExtension - Agent path: /Users/sarthaksharma/.m2/repository/com/browserstack/browserstack-java-sdk/1.40.7/browserstack-java-sdk-1.40.7.jar
23:44:07.699 [ApplicationImpl pooled thread 100] INFO  c.b.s.l.BrowserStackRunExtension - Adding Browserstack SDK javaagent argline
23:44:07.699 [ApplicationImpl pooled thread 100] INFO  c.b.s.l.BrowserStackRunExtension - Plugin version: 2.0.0-IC
23:47:25.968 [ApplicationImpl pooled thread 100] INFO  c.b.s.l.BrowserStackRunExtension - testng
23:47:25.968 [ApplicationImpl pooled thread 100] INFO  com.browserstack.sdk.utils.Helpers - true
23:47:25.968 [ApplicationImpl pooled thread 100] INFO  com.browserstack.sdk.utils.Helpers - /Users/sarthaksharma/.m2/repository/com/browserstack/browserstack-java-sdk/1.40.7/browserstack-java-sdk-1.40.7.jar
23:47:25.969 [ApplicationImpl pooled thread 100] INFO  c.b.s.l.BrowserStackRunExtension - Agent path: /Users/sarthaksharma/.m2/repository/com/browserstack/browserstack-java-sdk/1.40.7/browserstack-java-sdk-1.40.7.jar
23:47:25.969 [ApplicationImpl pooled thread 100] INFO  c.b.s.l.BrowserStackRunExtension - Adding Browserstack SDK javaagent argline
23:47:25.969 [ApplicationImpl pooled thread 100] INFO  c.b.s.l.BrowserStackRunExtension - Plugin version: 2.0.0-IC
23:50:27.425 [ApplicationImpl pooled thread 111] INFO  c.b.s.l.BrowserStackRunExtension - testng
23:50:27.425 [ApplicationImpl pooled thread 111] INFO  com.browserstack.sdk.utils.Helpers - true
23:50:27.425 [ApplicationImpl pooled thread 111] INFO  com.browserstack.sdk.utils.Helpers - /Users/sarthaksharma/.m2/repository/com/browserstack/browserstack-java-sdk/1.40.7/browserstack-java-sdk-1.40.7.jar
23:50:27.425 [ApplicationImpl pooled thread 111] INFO  c.b.s.l.BrowserStackRunExtension - Agent path: /Users/sarthaksharma/.m2/repository/com/browserstack/browserstack-java-sdk/1.40.7/browserstack-java-sdk-1.40.7.jar
23:50:27.425 [ApplicationImpl pooled thread 111] INFO  c.b.s.l.BrowserStackRunExtension - Adding Browserstack SDK javaagent argline
23:50:27.425 [ApplicationImpl pooled thread 111] INFO  c.b.s.l.BrowserStackRunExtension - Plugin version: 2.0.0-IC
23:54:39.255 [ApplicationImpl pooled thread 115] INFO  c.b.s.l.BrowserStackRunExtension - testng
23:54:39.255 [ApplicationImpl pooled thread 115] INFO  com.browserstack.sdk.utils.Helpers - true
23:54:39.256 [ApplicationImpl pooled thread 115] INFO  com.browserstack.sdk.utils.Helpers - /Users/sarthaksharma/.m2/repository/com/browserstack/browserstack-java-sdk/1.40.7/browserstack-java-sdk-1.40.7.jar
23:54:39.256 [ApplicationImpl pooled thread 115] INFO  c.b.s.l.BrowserStackRunExtension - Agent path: /Users/sarthaksharma/.m2/repository/com/browserstack/browserstack-java-sdk/1.40.7/browserstack-java-sdk-1.40.7.jar
23:54:39.256 [ApplicationImpl pooled thread 115] INFO  c.b.s.l.BrowserStackRunExtension - Adding Browserstack SDK javaagent argline
23:54:39.256 [ApplicationImpl pooled thread 115] INFO  c.b.s.l.BrowserStackRunExtension - Plugin version: 2.0.0-IC
00:02:38.179 [ApplicationImpl pooled thread 3] INFO  c.b.s.l.BrowserStackRunExtension - testng
00:02:38.179 [ApplicationImpl pooled thread 3] INFO  com.browserstack.sdk.utils.Helpers - true
00:02:38.180 [ApplicationImpl pooled thread 3] INFO  com.browserstack.sdk.utils.Helpers - /Users/sarthaksharma/.m2/repository/com/browserstack/browserstack-java-sdk/1.40.7/browserstack-java-sdk-1.40.7.jar
00:02:38.180 [ApplicationImpl pooled thread 3] INFO  c.b.s.l.BrowserStackRunExtension - Agent path: /Users/sarthaksharma/.m2/repository/com/browserstack/browserstack-java-sdk/1.40.7/browserstack-java-sdk-1.40.7.jar
00:02:38.180 [ApplicationImpl pooled thread 3] INFO  c.b.s.l.BrowserStackRunExtension - Adding Browserstack SDK javaagent argline
00:02:38.180 [ApplicationImpl pooled thread 3] INFO  c.b.s.l.BrowserStackRunExtension - Plugin version: 2.0.0-IC
10:40:34.141 [ApplicationImpl pooled thread 9] INFO  c.b.s.l.BrowserStackRunExtension - testng
10:40:34.142 [ApplicationImpl pooled thread 9] INFO  com.browserstack.sdk.utils.Helpers - true
10:40:34.144 [ApplicationImpl pooled thread 9] INFO  com.browserstack.sdk.utils.Helpers - /Users/sarthaksharma/.m2/repository/com/browserstack/browserstack-java-sdk/1.40.7/browserstack-java-sdk-1.40.7.jar
10:40:34.144 [ApplicationImpl pooled thread 9] INFO  c.b.s.l.BrowserStackRunExtension - Agent path: /Users/sarthaksharma/.m2/repository/com/browserstack/browserstack-java-sdk/1.40.7/browserstack-java-sdk-1.40.7.jar
10:40:34.144 [ApplicationImpl pooled thread 9] INFO  c.b.s.l.BrowserStackRunExtension - Adding Browserstack SDK javaagent argline
10:40:34.144 [ApplicationImpl pooled thread 9] INFO  c.b.s.l.BrowserStackRunExtension - Plugin version: 2.0.0-IC
10:43:20.231 [ApplicationImpl pooled thread 12] INFO  c.b.s.l.BrowserStackRunExtension - testng
10:43:20.232 [ApplicationImpl pooled thread 12] INFO  com.browserstack.sdk.utils.Helpers - true
10:43:20.232 [ApplicationImpl pooled thread 12] INFO  com.browserstack.sdk.utils.Helpers - /Users/sarthaksharma/.m2/repository/com/browserstack/browserstack-java-sdk/1.40.7/browserstack-java-sdk-1.40.7.jar
10:43:20.232 [ApplicationImpl pooled thread 12] INFO  c.b.s.l.BrowserStackRunExtension - Agent path: /Users/sarthaksharma/.m2/repository/com/browserstack/browserstack-java-sdk/1.40.7/browserstack-java-sdk-1.40.7.jar
10:43:20.232 [ApplicationImpl pooled thread 12] INFO  c.b.s.l.BrowserStackRunExtension - Adding Browserstack SDK javaagent argline
10:43:20.232 [ApplicationImpl pooled thread 12] INFO  c.b.s.l.BrowserStackRunExtension - Plugin version: 2.0.0-IC
10:46:17.052 [ApplicationImpl pooled thread 9] INFO  c.b.s.l.BrowserStackRunExtension - testng
10:46:17.052 [ApplicationImpl pooled thread 9] INFO  com.browserstack.sdk.utils.Helpers - true
10:46:17.053 [ApplicationImpl pooled thread 9] INFO  com.browserstack.sdk.utils.Helpers - /Users/sarthaksharma/.m2/repository/com/browserstack/browserstack-java-sdk/1.40.7/browserstack-java-sdk-1.40.7.jar
10:46:17.053 [ApplicationImpl pooled thread 9] INFO  c.b.s.l.BrowserStackRunExtension - Agent path: /Users/sarthaksharma/.m2/repository/com/browserstack/browserstack-java-sdk/1.40.7/browserstack-java-sdk-1.40.7.jar
10:46:17.053 [ApplicationImpl pooled thread 9] INFO  c.b.s.l.BrowserStackRunExtension - Adding Browserstack SDK javaagent argline
10:46:17.053 [ApplicationImpl pooled thread 9] INFO  c.b.s.l.BrowserStackRunExtension - Plugin version: 2.0.0-IC
10:54:59.914 [ApplicationImpl pooled thread 13] INFO  c.b.s.l.BrowserStackRunExtension - testng
10:54:59.914 [ApplicationImpl pooled thread 13] INFO  com.browserstack.sdk.utils.Helpers - true
10:54:59.914 [ApplicationImpl pooled thread 13] INFO  com.browserstack.sdk.utils.Helpers - /Users/sarthaksharma/.m2/repository/com/browserstack/browserstack-java-sdk/1.40.7/browserstack-java-sdk-1.40.7.jar
10:54:59.914 [ApplicationImpl pooled thread 13] INFO  c.b.s.l.BrowserStackRunExtension - Agent path: /Users/sarthaksharma/.m2/repository/com/browserstack/browserstack-java-sdk/1.40.7/browserstack-java-sdk-1.40.7.jar
10:54:59.914 [ApplicationImpl pooled thread 13] INFO  c.b.s.l.BrowserStackRunExtension - Adding Browserstack SDK javaagent argline
10:54:59.914 [ApplicationImpl pooled thread 13] INFO  c.b.s.l.BrowserStackRunExtension - Plugin version: 2.0.0-IC
10:57:15.750 [ApplicationImpl pooled thread 13] INFO  c.b.s.l.BrowserStackRunExtension - testng
10:57:15.751 [ApplicationImpl pooled thread 13] INFO  com.browserstack.sdk.utils.Helpers - true
10:57:15.751 [ApplicationImpl pooled thread 13] INFO  com.browserstack.sdk.utils.Helpers - /Users/sarthaksharma/.m2/repository/com/browserstack/browserstack-java-sdk/1.40.7/browserstack-java-sdk-1.40.7.jar
10:57:15.751 [ApplicationImpl pooled thread 13] INFO  c.b.s.l.BrowserStackRunExtension - Agent path: /Users/sarthaksharma/.m2/repository/com/browserstack/browserstack-java-sdk/1.40.7/browserstack-java-sdk-1.40.7.jar
10:57:15.751 [ApplicationImpl pooled thread 13] INFO  c.b.s.l.BrowserStackRunExtension - Adding Browserstack SDK javaagent argline
10:57:15.751 [ApplicationImpl pooled thread 13] INFO  c.b.s.l.BrowserStackRunExtension - Plugin version: 2.0.0-IC
11:11:54.927 [ApplicationImpl pooled thread 3] INFO  c.b.s.l.BrowserStackRunExtension - testng
11:11:54.928 [ApplicationImpl pooled thread 3] INFO  com.browserstack.sdk.utils.Helpers - true
11:11:54.929 [ApplicationImpl pooled thread 3] INFO  com.browserstack.sdk.utils.Helpers - /Users/sarthaksharma/.m2/repository/com/browserstack/browserstack-java-sdk/1.40.7/browserstack-java-sdk-1.40.7.jar
11:11:54.929 [ApplicationImpl pooled thread 3] INFO  c.b.s.l.BrowserStackRunExtension - Agent path: /Users/sarthaksharma/.m2/repository/com/browserstack/browserstack-java-sdk/1.40.7/browserstack-java-sdk-1.40.7.jar
11:11:54.929 [ApplicationImpl pooled thread 3] INFO  c.b.s.l.BrowserStackRunExtension - Adding Browserstack SDK javaagent argline
11:11:54.929 [ApplicationImpl pooled thread 3] INFO  c.b.s.l.BrowserStackRunExtension - Plugin version: 2.0.0-IC
11:25:51.809 [ApplicationImpl pooled thread 3] INFO  c.b.s.l.BrowserStackRunExtension - testng
11:25:51.810 [ApplicationImpl pooled thread 3] INFO  com.browserstack.sdk.utils.Helpers - true
11:25:51.810 [ApplicationImpl pooled thread 3] INFO  com.browserstack.sdk.utils.Helpers - /Users/sarthaksharma/.m2/repository/com/browserstack/browserstack-java-sdk/1.40.7/browserstack-java-sdk-1.40.7.jar
11:25:51.811 [ApplicationImpl pooled thread 3] INFO  c.b.s.l.BrowserStackRunExtension - Agent path: /Users/sarthaksharma/.m2/repository/com/browserstack/browserstack-java-sdk/1.40.7/browserstack-java-sdk-1.40.7.jar
11:25:51.811 [ApplicationImpl pooled thread 3] INFO  c.b.s.l.BrowserStackRunExtension - Adding Browserstack SDK javaagent argline
11:25:51.811 [ApplicationImpl pooled thread 3] INFO  c.b.s.l.BrowserStackRunExtension - Plugin version: 2.0.0-IC
11:32:12.946 [ApplicationImpl pooled thread 2] INFO  c.b.s.l.BrowserStackRunExtension - testng
11:32:12.947 [ApplicationImpl pooled thread 2] INFO  com.browserstack.sdk.utils.Helpers - true
11:32:12.948 [ApplicationImpl pooled thread 2] INFO  com.browserstack.sdk.utils.Helpers - /Users/sarthaksharma/.m2/repository/com/browserstack/browserstack-java-sdk/1.40.7/browserstack-java-sdk-1.40.7.jar
11:32:12.948 [ApplicationImpl pooled thread 2] INFO  c.b.s.l.BrowserStackRunExtension - Agent path: /Users/sarthaksharma/.m2/repository/com/browserstack/browserstack-java-sdk/1.40.7/browserstack-java-sdk-1.40.7.jar
11:32:12.948 [ApplicationImpl pooled thread 2] INFO  c.b.s.l.BrowserStackRunExtension - Adding Browserstack SDK javaagent argline
11:32:12.948 [ApplicationImpl pooled thread 2] INFO  c.b.s.l.BrowserStackRunExtension - Plugin version: 2.0.0-IC
11:41:48.684 [ApplicationImpl pooled thread 2] INFO  c.b.s.l.BrowserStackRunExtension - testng
11:41:48.684 [ApplicationImpl pooled thread 2] INFO  com.browserstack.sdk.utils.Helpers - true
11:41:48.685 [ApplicationImpl pooled thread 2] INFO  com.browserstack.sdk.utils.Helpers - /Users/sarthaksharma/.m2/repository/com/browserstack/browserstack-java-sdk/1.40.7/browserstack-java-sdk-1.40.7.jar
11:41:48.685 [ApplicationImpl pooled thread 2] INFO  c.b.s.l.BrowserStackRunExtension - Agent path: /Users/sarthaksharma/.m2/repository/com/browserstack/browserstack-java-sdk/1.40.7/browserstack-java-sdk-1.40.7.jar
11:41:48.685 [ApplicationImpl pooled thread 2] INFO  c.b.s.l.BrowserStackRunExtension - Adding Browserstack SDK javaagent argline
11:41:48.685 [ApplicationImpl pooled thread 2] INFO  c.b.s.l.BrowserStackRunExtension - Plugin version: 2.0.0-IC
11:51:51.923 [ApplicationImpl pooled thread 18] INFO  c.b.s.l.BrowserStackRunExtension - testng
11:51:51.923 [ApplicationImpl pooled thread 18] INFO  com.browserstack.sdk.utils.Helpers - true
11:51:51.923 [ApplicationImpl pooled thread 18] INFO  com.browserstack.sdk.utils.Helpers - /Users/sarthaksharma/.m2/repository/com/browserstack/browserstack-java-sdk/1.40.7/browserstack-java-sdk-1.40.7.jar
11:51:51.923 [ApplicationImpl pooled thread 18] INFO  c.b.s.l.BrowserStackRunExtension - Agent path: /Users/sarthaksharma/.m2/repository/com/browserstack/browserstack-java-sdk/1.40.7/browserstack-java-sdk-1.40.7.jar
11:51:51.923 [ApplicationImpl pooled thread 18] INFO  c.b.s.l.BrowserStackRunExtension - Adding Browserstack SDK javaagent argline
11:51:51.923 [ApplicationImpl pooled thread 18] INFO  c.b.s.l.BrowserStackRunExtension - Plugin version: 2.0.0-IC
12:03:18.074 [ApplicationImpl pooled thread 29] INFO  c.b.s.l.BrowserStackRunExtension - testng
12:03:18.074 [ApplicationImpl pooled thread 29] INFO  com.browserstack.sdk.utils.Helpers - true
12:03:18.075 [ApplicationImpl pooled thread 29] INFO  com.browserstack.sdk.utils.Helpers - /Users/sarthaksharma/.m2/repository/com/browserstack/browserstack-java-sdk/1.40.7/browserstack-java-sdk-1.40.7.jar
12:03:18.075 [ApplicationImpl pooled thread 29] INFO  c.b.s.l.BrowserStackRunExtension - Agent path: /Users/sarthaksharma/.m2/repository/com/browserstack/browserstack-java-sdk/1.40.7/browserstack-java-sdk-1.40.7.jar
12:03:18.075 [ApplicationImpl pooled thread 29] INFO  c.b.s.l.BrowserStackRunExtension - Adding Browserstack SDK javaagent argline
12:03:18.075 [ApplicationImpl pooled thread 29] INFO  c.b.s.l.BrowserStackRunExtension - Plugin version: 2.0.0-IC
12:04:40.004 [ApplicationImpl pooled thread 28] INFO  c.b.s.l.BrowserStackRunExtension - testng
12:04:40.004 [ApplicationImpl pooled thread 28] INFO  com.browserstack.sdk.utils.Helpers - true
12:04:40.004 [ApplicationImpl pooled thread 28] INFO  com.browserstack.sdk.utils.Helpers - /Users/sarthaksharma/.m2/repository/com/browserstack/browserstack-java-sdk/1.40.7/browserstack-java-sdk-1.40.7.jar
12:04:40.004 [ApplicationImpl pooled thread 28] INFO  c.b.s.l.BrowserStackRunExtension - Agent path: /Users/sarthaksharma/.m2/repository/com/browserstack/browserstack-java-sdk/1.40.7/browserstack-java-sdk-1.40.7.jar
12:04:40.004 [ApplicationImpl pooled thread 28] INFO  c.b.s.l.BrowserStackRunExtension - Adding Browserstack SDK javaagent argline
12:04:40.004 [ApplicationImpl pooled thread 28] INFO  c.b.s.l.BrowserStackRunExtension - Plugin version: 2.0.0-IC
12:06:48.953 [ApplicationImpl pooled thread 34] INFO  c.b.s.l.BrowserStackRunExtension - testng
12:06:48.954 [ApplicationImpl pooled thread 34] INFO  com.browserstack.sdk.utils.Helpers - true
12:06:48.954 [ApplicationImpl pooled thread 34] INFO  com.browserstack.sdk.utils.Helpers - /Users/sarthaksharma/.m2/repository/com/browserstack/browserstack-java-sdk/1.40.7/browserstack-java-sdk-1.40.7.jar
12:06:48.954 [ApplicationImpl pooled thread 34] INFO  c.b.s.l.BrowserStackRunExtension - Agent path: /Users/sarthaksharma/.m2/repository/com/browserstack/browserstack-java-sdk/1.40.7/browserstack-java-sdk-1.40.7.jar
12:06:48.954 [ApplicationImpl pooled thread 34] INFO  c.b.s.l.BrowserStackRunExtension - Adding Browserstack SDK javaagent argline
12:06:48.954 [ApplicationImpl pooled thread 34] INFO  c.b.s.l.BrowserStackRunExtension - Plugin version: 2.0.0-IC
08:42:44.893 [ApplicationImpl pooled thread 48] INFO  c.b.s.l.BrowserStackRunExtension - testng
08:42:44.894 [ApplicationImpl pooled thread 48] INFO  com.browserstack.sdk.utils.Helpers - true
08:42:44.895 [ApplicationImpl pooled thread 48] INFO  com.browserstack.sdk.utils.Helpers - /Users/sarthaksharma/.m2/repository/com/browserstack/browserstack-java-sdk/1.40.7/browserstack-java-sdk-1.40.7.jar
08:42:44.895 [ApplicationImpl pooled thread 48] INFO  c.b.s.l.BrowserStackRunExtension - Agent path: /Users/sarthaksharma/.m2/repository/com/browserstack/browserstack-java-sdk/1.40.7/browserstack-java-sdk-1.40.7.jar
08:42:44.895 [ApplicationImpl pooled thread 48] INFO  c.b.s.l.BrowserStackRunExtension - Adding Browserstack SDK javaagent argline
08:42:44.895 [ApplicationImpl pooled thread 48] INFO  c.b.s.l.BrowserStackRunExtension - Plugin version: 2.0.0-IC
09:17:24.994 [ApplicationImpl pooled thread 74] INFO  c.b.s.l.BrowserStackRunExtension - testng
09:17:24.994 [ApplicationImpl pooled thread 74] INFO  com.browserstack.sdk.utils.Helpers - true
09:17:24.995 [ApplicationImpl pooled thread 74] INFO  com.browserstack.sdk.utils.Helpers - /Users/sarthaksharma/.m2/repository/com/browserstack/browserstack-java-sdk/1.40.7/browserstack-java-sdk-1.40.7.jar
09:17:24.995 [ApplicationImpl pooled thread 74] INFO  c.b.s.l.BrowserStackRunExtension - Agent path: /Users/sarthaksharma/.m2/repository/com/browserstack/browserstack-java-sdk/1.40.7/browserstack-java-sdk-1.40.7.jar
09:17:24.995 [ApplicationImpl pooled thread 74] INFO  c.b.s.l.BrowserStackRunExtension - Adding Browserstack SDK javaagent argline
09:17:24.995 [ApplicationImpl pooled thread 74] INFO  c.b.s.l.BrowserStackRunExtension - Plugin version: 2.0.0-IC
09:21:19.692 [ApplicationImpl pooled thread 81] INFO  c.b.s.l.BrowserStackRunExtension - testng
09:21:19.692 [ApplicationImpl pooled thread 81] INFO  com.browserstack.sdk.utils.Helpers - true
09:21:19.693 [ApplicationImpl pooled thread 81] INFO  com.browserstack.sdk.utils.Helpers - /Users/sarthaksharma/.m2/repository/com/browserstack/browserstack-java-sdk/1.40.7/browserstack-java-sdk-1.40.7.jar
09:21:19.693 [ApplicationImpl pooled thread 81] INFO  c.b.s.l.BrowserStackRunExtension - Agent path: /Users/sarthaksharma/.m2/repository/com/browserstack/browserstack-java-sdk/1.40.7/browserstack-java-sdk-1.40.7.jar
09:21:19.693 [ApplicationImpl pooled thread 81] INFO  c.b.s.l.BrowserStackRunExtension - Adding Browserstack SDK javaagent argline
09:21:19.693 [ApplicationImpl pooled thread 81] INFO  c.b.s.l.BrowserStackRunExtension - Plugin version: 2.0.0-IC
09:25:29.885 [ApplicationImpl pooled thread 84] INFO  c.b.s.l.BrowserStackRunExtension - testng
09:25:29.885 [ApplicationImpl pooled thread 84] INFO  com.browserstack.sdk.utils.Helpers - true
09:25:29.886 [ApplicationImpl pooled thread 84] INFO  com.browserstack.sdk.utils.Helpers - /Users/sarthaksharma/.m2/repository/com/browserstack/browserstack-java-sdk/1.40.7/browserstack-java-sdk-1.40.7.jar
09:25:29.886 [ApplicationImpl pooled thread 84] INFO  c.b.s.l.BrowserStackRunExtension - Agent path: /Users/sarthaksharma/.m2/repository/com/browserstack/browserstack-java-sdk/1.40.7/browserstack-java-sdk-1.40.7.jar
09:25:29.886 [ApplicationImpl pooled thread 84] INFO  c.b.s.l.BrowserStackRunExtension - Adding Browserstack SDK javaagent argline
09:25:29.886 [ApplicationImpl pooled thread 84] INFO  c.b.s.l.BrowserStackRunExtension - Plugin version: 2.0.0-IC
09:32:21.921 [ApplicationImpl pooled thread 90] INFO  c.b.s.l.BrowserStackRunExtension - testng
09:32:21.921 [ApplicationImpl pooled thread 90] INFO  com.browserstack.sdk.utils.Helpers - true
09:32:21.922 [ApplicationImpl pooled thread 90] INFO  com.browserstack.sdk.utils.Helpers - /Users/sarthaksharma/.m2/repository/com/browserstack/browserstack-java-sdk/1.40.7/browserstack-java-sdk-1.40.7.jar
09:32:21.922 [ApplicationImpl pooled thread 90] INFO  c.b.s.l.BrowserStackRunExtension - Agent path: /Users/sarthaksharma/.m2/repository/com/browserstack/browserstack-java-sdk/1.40.7/browserstack-java-sdk-1.40.7.jar
09:32:21.922 [ApplicationImpl pooled thread 90] INFO  c.b.s.l.BrowserStackRunExtension - Adding Browserstack SDK javaagent argline
09:32:21.922 [ApplicationImpl pooled thread 90] INFO  c.b.s.l.BrowserStackRunExtension - Plugin version: 2.0.0-IC
11:36:20.672 [ApplicationImpl pooled thread 128] INFO  c.b.s.l.BrowserStackRunExtension - testng
11:36:20.673 [ApplicationImpl pooled thread 128] INFO  com.browserstack.sdk.utils.Helpers - true
11:36:20.674 [ApplicationImpl pooled thread 128] INFO  com.browserstack.sdk.utils.Helpers - /Users/sarthaksharma/.m2/repository/com/browserstack/browserstack-java-sdk/1.40.7/browserstack-java-sdk-1.40.7.jar
11:36:20.674 [ApplicationImpl pooled thread 128] INFO  c.b.s.l.BrowserStackRunExtension - Agent path: /Users/sarthaksharma/.m2/repository/com/browserstack/browserstack-java-sdk/1.40.7/browserstack-java-sdk-1.40.7.jar
11:36:20.674 [ApplicationImpl pooled thread 128] INFO  c.b.s.l.BrowserStackRunExtension - Adding Browserstack SDK javaagent argline
11:36:20.674 [ApplicationImpl pooled thread 128] INFO  c.b.s.l.BrowserStackRunExtension - Plugin version: 2.0.0-IC
11:39:45.320 [ApplicationImpl pooled thread 129] INFO  c.b.s.l.BrowserStackRunExtension - testng
11:39:45.320 [ApplicationImpl pooled thread 129] INFO  com.browserstack.sdk.utils.Helpers - true
11:39:45.320 [ApplicationImpl pooled thread 129] INFO  com.browserstack.sdk.utils.Helpers - /Users/sarthaksharma/.m2/repository/com/browserstack/browserstack-java-sdk/1.40.7/browserstack-java-sdk-1.40.7.jar
11:39:45.320 [ApplicationImpl pooled thread 129] INFO  c.b.s.l.BrowserStackRunExtension - Agent path: /Users/sarthaksharma/.m2/repository/com/browserstack/browserstack-java-sdk/1.40.7/browserstack-java-sdk-1.40.7.jar
11:39:45.320 [ApplicationImpl pooled thread 129] INFO  c.b.s.l.BrowserStackRunExtension - Adding Browserstack SDK javaagent argline
11:39:45.320 [ApplicationImpl pooled thread 129] INFO  c.b.s.l.BrowserStackRunExtension - Plugin version: 2.0.0-IC
11:51:17.307 [ApplicationImpl pooled thread 137] INFO  c.b.s.l.BrowserStackRunExtension - testng
11:51:17.310 [ApplicationImpl pooled thread 137] INFO  com.browserstack.sdk.utils.Helpers - true
11:51:17.310 [ApplicationImpl pooled thread 137] INFO  com.browserstack.sdk.utils.Helpers - /Users/sarthaksharma/.m2/repository/com/browserstack/browserstack-java-sdk/1.40.7/browserstack-java-sdk-1.40.7.jar
11:51:17.310 [ApplicationImpl pooled thread 137] INFO  c.b.s.l.BrowserStackRunExtension - Agent path: /Users/sarthaksharma/.m2/repository/com/browserstack/browserstack-java-sdk/1.40.7/browserstack-java-sdk-1.40.7.jar
11:51:17.310 [ApplicationImpl pooled thread 137] INFO  c.b.s.l.BrowserStackRunExtension - Adding Browserstack SDK javaagent argline
11:51:17.310 [ApplicationImpl pooled thread 137] INFO  c.b.s.l.BrowserStackRunExtension - Plugin version: 2.0.0-IC
12:16:13.511 [ApplicationImpl pooled thread 145] INFO  c.b.s.l.BrowserStackRunExtension - testng
12:16:13.512 [ApplicationImpl pooled thread 145] INFO  com.browserstack.sdk.utils.Helpers - true
12:16:13.512 [ApplicationImpl pooled thread 145] INFO  com.browserstack.sdk.utils.Helpers - /Users/sarthaksharma/.m2/repository/com/browserstack/browserstack-java-sdk/1.40.7/browserstack-java-sdk-1.40.7.jar
12:16:13.512 [ApplicationImpl pooled thread 145] INFO  c.b.s.l.BrowserStackRunExtension - Agent path: /Users/sarthaksharma/.m2/repository/com/browserstack/browserstack-java-sdk/1.40.7/browserstack-java-sdk-1.40.7.jar
12:16:13.512 [ApplicationImpl pooled thread 145] INFO  c.b.s.l.BrowserStackRunExtension - Adding Browserstack SDK javaagent argline
12:16:13.512 [ApplicationImpl pooled thread 145] INFO  c.b.s.l.BrowserStackRunExtension - Plugin version: 2.0.0-IC
12:19:17.269 [ApplicationImpl pooled thread 145] INFO  c.b.s.l.BrowserStackRunExtension - testng
12:19:17.269 [ApplicationImpl pooled thread 145] INFO  com.browserstack.sdk.utils.Helpers - true
12:19:17.269 [ApplicationImpl pooled thread 145] INFO  com.browserstack.sdk.utils.Helpers - /Users/sarthaksharma/.m2/repository/com/browserstack/browserstack-java-sdk/1.40.7/browserstack-java-sdk-1.40.7.jar
12:19:17.269 [ApplicationImpl pooled thread 145] INFO  c.b.s.l.BrowserStackRunExtension - Agent path: /Users/sarthaksharma/.m2/repository/com/browserstack/browserstack-java-sdk/1.40.7/browserstack-java-sdk-1.40.7.jar
12:19:17.269 [ApplicationImpl pooled thread 145] INFO  c.b.s.l.BrowserStackRunExtension - Adding Browserstack SDK javaagent argline
12:19:17.269 [ApplicationImpl pooled thread 145] INFO  c.b.s.l.BrowserStackRunExtension - Plugin version: 2.0.0-IC
12:22:45.290 [ApplicationImpl pooled thread 152] INFO  c.b.s.l.BrowserStackRunExtension - testng
12:22:45.290 [ApplicationImpl pooled thread 152] INFO  com.browserstack.sdk.utils.Helpers - true
12:22:45.290 [ApplicationImpl pooled thread 152] INFO  com.browserstack.sdk.utils.Helpers - /Users/sarthaksharma/.m2/repository/com/browserstack/browserstack-java-sdk/1.40.7/browserstack-java-sdk-1.40.7.jar
12:22:45.290 [ApplicationImpl pooled thread 152] INFO  c.b.s.l.BrowserStackRunExtension - Agent path: /Users/sarthaksharma/.m2/repository/com/browserstack/browserstack-java-sdk/1.40.7/browserstack-java-sdk-1.40.7.jar
12:22:45.290 [ApplicationImpl pooled thread 152] INFO  c.b.s.l.BrowserStackRunExtension - Adding Browserstack SDK javaagent argline
12:22:45.290 [ApplicationImpl pooled thread 152] INFO  c.b.s.l.BrowserStackRunExtension - Plugin version: 2.0.0-IC
12:24:31.944 [ApplicationImpl pooled thread 154] INFO  c.b.s.l.BrowserStackRunExtension - testng
12:24:31.944 [ApplicationImpl pooled thread 154] INFO  com.browserstack.sdk.utils.Helpers - true
12:24:31.945 [ApplicationImpl pooled thread 154] INFO  com.browserstack.sdk.utils.Helpers - /Users/sarthaksharma/.m2/repository/com/browserstack/browserstack-java-sdk/1.40.7/browserstack-java-sdk-1.40.7.jar
12:24:31.945 [ApplicationImpl pooled thread 154] INFO  c.b.s.l.BrowserStackRunExtension - Agent path: /Users/sarthaksharma/.m2/repository/com/browserstack/browserstack-java-sdk/1.40.7/browserstack-java-sdk-1.40.7.jar
12:24:31.945 [ApplicationImpl pooled thread 154] INFO  c.b.s.l.BrowserStackRunExtension - Adding Browserstack SDK javaagent argline
12:24:31.945 [ApplicationImpl pooled thread 154] INFO  c.b.s.l.BrowserStackRunExtension - Plugin version: 2.0.0-IC
12:28:14.663 [ApplicationImpl pooled thread 158] INFO  c.b.s.l.BrowserStackRunExtension - testng
12:28:14.664 [ApplicationImpl pooled thread 158] INFO  com.browserstack.sdk.utils.Helpers - true
12:28:14.664 [ApplicationImpl pooled thread 158] INFO  com.browserstack.sdk.utils.Helpers - /Users/sarthaksharma/.m2/repository/com/browserstack/browserstack-java-sdk/1.40.7/browserstack-java-sdk-1.40.7.jar
12:28:14.664 [ApplicationImpl pooled thread 158] INFO  c.b.s.l.BrowserStackRunExtension - Agent path: /Users/sarthaksharma/.m2/repository/com/browserstack/browserstack-java-sdk/1.40.7/browserstack-java-sdk-1.40.7.jar
12:28:14.664 [ApplicationImpl pooled thread 158] INFO  c.b.s.l.BrowserStackRunExtension - Adding Browserstack SDK javaagent argline
12:28:14.664 [ApplicationImpl pooled thread 158] INFO  c.b.s.l.BrowserStackRunExtension - Plugin version: 2.0.0-IC
17:20:13.625 [ApplicationImpl pooled thread 237] INFO  c.b.s.l.BrowserStackRunExtension - testng
17:20:13.626 [ApplicationImpl pooled thread 237] INFO  com.browserstack.sdk.utils.Helpers - true
17:20:13.627 [ApplicationImpl pooled thread 237] INFO  com.browserstack.sdk.utils.Helpers - /Users/sarthaksharma/.m2/repository/com/browserstack/browserstack-java-sdk/1.40.7/browserstack-java-sdk-1.40.7.jar
17:20:13.628 [ApplicationImpl pooled thread 237] INFO  c.b.s.l.BrowserStackRunExtension - Agent path: /Users/sarthaksharma/.m2/repository/com/browserstack/browserstack-java-sdk/1.40.7/browserstack-java-sdk-1.40.7.jar
17:20:13.628 [ApplicationImpl pooled thread 237] INFO  c.b.s.l.BrowserStackRunExtension - Adding Browserstack SDK javaagent argline
17:20:13.628 [ApplicationImpl pooled thread 237] INFO  c.b.s.l.BrowserStackRunExtension - Plugin version: 2.0.0-IC
16:53:03.484 [ApplicationImpl pooled thread 58] INFO  c.b.s.l.BrowserStackRunExtension - testng
16:53:03.484 [ApplicationImpl pooled thread 58] INFO  com.browserstack.sdk.utils.Helpers - true
16:53:03.484 [ApplicationImpl pooled thread 58] INFO  com.browserstack.sdk.utils.Helpers - /Users/sarthaksharma/.m2/repository/com/browserstack/browserstack-java-sdk/1.40.7/browserstack-java-sdk-1.40.7.jar
16:53:03.484 [ApplicationImpl pooled thread 58] INFO  c.b.s.l.BrowserStackRunExtension - Agent path: /Users/sarthaksharma/.m2/repository/com/browserstack/browserstack-java-sdk/1.40.7/browserstack-java-sdk-1.40.7.jar
16:53:03.484 [ApplicationImpl pooled thread 58] INFO  c.b.s.l.BrowserStackRunExtension - Adding Browserstack SDK javaagent argline
16:53:03.484 [ApplicationImpl pooled thread 58] INFO  c.b.s.l.BrowserStackRunExtension - Plugin version: 2.0.0-IC
